Fri Feb 13 06:49:51 UTC 2026: Starting vocabulary review
==================================================
📚 Vocabulary Review System
==================================================
[INFO] Removed old file: /root/.openclaw/agents/english-tutor/workspace/skills/vocab-review/daily_review.docx
[INFO] Loaded 359 vocabulary items
[INFO] Selected 20 items for today's review
[INFO] Generated: /root/.openclaw/agents/english-tutor/workspace/skills/vocab-review/daily_review.docx
[INFO] Updated review status for 20 items
==================================================
✅ Daily review document generated!
📄 File: /root/.openclaw/agents/english-tutor/workspace/skills/vocab-review/daily_review.docx
🎯 Feishu Chat ID: oc_55bf80b97398600ff6da478ae62937de
==================================================

--- RESULT ---
{"file_path": "/root/.openclaw/agents/english-tutor/workspace/skills/vocab-review/daily_review.docx", "chat_id": "oc_55bf80b97398600ff6da478ae62937de", "items_count": 20}
Fri Feb 13 06:49:51 UTC 2026: Sending document to Feishu
/root/.openclaw/agents/english-tutor/workspace/skills/vocab-review/cron_review.sh: line 27: openclaw: command not found
Fri Feb 13 06:54:53 UTC 2026: Starting vocabulary review
==================================================
📚 Vocabulary Review System
==================================================
[INFO] Removed old file: /root/.openclaw/agents/english-tutor/workspace/skills/vocab-review/daily_review.docx
[INFO] Loaded 359 vocabulary items
[INFO] Selected 20 items for today's review
[INFO] Generated: /root/.openclaw/agents/english-tutor/workspace/skills/vocab-review/daily_review.docx
[INFO] Updated review status for 20 items
==================================================
✅ Daily review document generated!
📄 File: /root/.openclaw/agents/english-tutor/workspace/skills/vocab-review/daily_review.docx
🎯 Feishu Chat ID: oc_55bf80b97398600ff6da478ae62937de
==================================================

--- RESULT ---
{"file_path": "/root/.openclaw/agents/english-tutor/workspace/skills/vocab-review/daily_review.docx", "chat_id": "oc_55bf80b97398600ff6da478ae62937de", "items_count": 20}
Fri Feb 13 06:54:53 UTC 2026: Review generated, flag set for sending
Fri Feb 13 12:00:01 UTC 2026: Starting vocabulary review
==================================================
📚 Vocabulary Review System
==================================================
[INFO] Removed old file: /root/.openclaw/agents/english-tutor/workspace/skills/vocab-review/daily_review.docx
[INFO] Loaded 359 vocabulary items
[INFO] Selected 20 items for today's review
[INFO] Generated: /root/.openclaw/agents/english-tutor/workspace/skills/vocab-review/daily_review.docx
[INFO] Updated review status for 20 items
==================================================
✅ Daily review document generated!
📄 File: /root/.openclaw/agents/english-tutor/workspace/skills/vocab-review/daily_review.docx
🎯 Feishu Chat ID: oc_55bf80b97398600ff6da478ae62937de
==================================================

--- RESULT ---
{"file_path": "/root/.openclaw/agents/english-tutor/workspace/skills/vocab-review/daily_review.docx", "chat_id": "oc_55bf80b97398600ff6da478ae62937de", "items_count": 20}
Fri Feb 13 12:00:02 UTC 2026: Review generated, flag set for sending
Sat Feb 14 12:00:01 UTC 2026: Starting vocabulary review
==================================================
📚 Vocabulary Review System
==================================================
[INFO] Removed old file: /root/.openclaw/agents/english-tutor/workspace/skills/vocab-review/daily_review.docx
[INFO] Loaded 359 vocabulary items
[INFO] Selected 20 items for today's review
[INFO] Generated: /root/.openclaw/agents/english-tutor/workspace/skills/vocab-review/daily_review.docx
[INFO] Updated review status for 20 items
==================================================
✅ Daily review document generated!
📄 File: /root/.openclaw/agents/english-tutor/workspace/skills/vocab-review/daily_review.docx
🎯 Feishu Chat ID: oc_55bf80b97398600ff6da478ae62937de
==================================================

--- RESULT ---
{"file_path": "/root/.openclaw/agents/english-tutor/workspace/skills/vocab-review/daily_review.docx", "chat_id": "oc_55bf80b97398600ff6da478ae62937de", "items_count": 20}
Sat Feb 14 12:00:01 UTC 2026: Review generated, flag set for sending
Fri Feb 20 23:04:50 UTC 2026: Starting vocabulary review
==================================================
📚 Vocabulary Review Generator
==================================================
[INFO] Selected 20 items for review
[INFO] Active vocabulary: 379
[INFO] Generated: /root/openclaw-workspaces/workspace-english-tutor/projects/vocabulary/output/daily_review.docx
[INFO] Updated review status for 20 items
==================================================
✅ Daily review document generated!
==================================================
2026-02-20T23:04:51.114Z: === Starting vocabulary review delivery ===
2026-02-20T23:04:51.114Z: === Starting vocabulary review delivery ===
2026-02-20T23:04:51.115Z: Getting tenant access token...
2026-02-20T23:04:51.115Z: Getting tenant access token...
2026-02-20T23:04:52.201Z: ✓ Got tenant access token
2026-02-20T23:04:52.201Z: ✓ Got tenant access token
2026-02-20T23:04:52.201Z: Uploading file: /root/openclaw-workspaces/workspace-english-tutor/projects/vocabulary/output/daily_review.docx
2026-02-20T23:04:52.201Z: Uploading file: /root/openclaw-workspaces/workspace-english-tutor/projects/vocabulary/output/daily_review.docx
2026-02-20T23:04:53.128Z: ✓ File uploaded, file_key: file_v3_00v4_90a8ddc0-e85a-4c0a-af2e-7c83e9a1843g
2026-02-20T23:04:53.128Z: ✓ File uploaded, file_key: file_v3_00v4_90a8ddc0-e85a-4c0a-af2e-7c83e9a1843g
2026-02-20T23:04:53.129Z: Sending message to chat: oc_55bf80b97398600ff6da478ae62937de
2026-02-20T23:04:53.129Z: Sending message to chat: oc_55bf80b97398600ff6da478ae62937de
2026-02-20T23:04:53.606Z: ERROR: Failed to send message: Bot/User can NOT be out of the chat.
2026-02-20T23:04:53.606Z: ERROR: Failed to send message: Bot/User can NOT be out of the chat.
Error: Failed to send message: Bot/User can NOT be out of the chat.
    at sendMessage (file:///root/openclaw-workspaces/workspace-english-tutor/skills/vocab-review/send_to_feishu.mjs:161:11)
    at process.processTicksAndRejections (node:internal/process/task_queues:105:5)
    at async main (file:///root/openclaw-workspaces/workspace-english-tutor/skills/vocab-review/send_to_feishu.mjs:182:5)
2026-02-20T23:05:06.645Z: === Starting vocabulary review delivery ===
2026-02-20T23:05:06.647Z: Getting tenant access token...
2026-02-20T23:05:07.462Z: ✓ Got tenant access token
2026-02-20T23:05:07.462Z: Uploading file: /root/openclaw-workspaces/workspace-english-tutor/projects/vocabulary/output/daily_review.docx
2026-02-20T23:05:08.304Z: ✓ File uploaded, file_key: file_v3_00v4_6881b34b-72a9-49f5-8415-7411496deaeg
2026-02-20T23:05:08.305Z: Sending message to chat: oc_eb619c8fea8c56afb88b44bf92abaca1
2026-02-20T23:05:09.143Z: ✓ Message sent successfully
2026-02-20T23:05:09.143Z: === Delivery complete ===
Sat Feb 21 23:00:01 UTC 2026: Starting vocabulary review
==================================================
📚 Vocabulary Review Generator
==================================================
[INFO] Selected 20 items for review
[INFO] Active vocabulary: 391
[INFO] Generated: /root/openclaw-workspaces/workspace-english-tutor/projects/vocabulary/output/daily_review.docx
[INFO] Updated review status for 20 items
==================================================
✅ Daily review document generated!
==================================================
2026-02-21T23:00:01.901Z: === Starting vocabulary review delivery ===
2026-02-21T23:00:01.901Z: === Starting vocabulary review delivery ===
2026-02-21T23:00:01.905Z: Getting tenant access token...
2026-02-21T23:00:01.905Z: Getting tenant access token...
2026-02-21T23:00:03.140Z: ✓ Got tenant access token
2026-02-21T23:00:03.140Z: ✓ Got tenant access token
2026-02-21T23:00:03.141Z: Uploading file: /root/openclaw-workspaces/workspace-english-tutor/projects/vocabulary/output/daily_review.docx
2026-02-21T23:00:03.141Z: Uploading file: /root/openclaw-workspaces/workspace-english-tutor/projects/vocabulary/output/daily_review.docx
2026-02-21T23:00:04.132Z: ✓ File uploaded, file_key: file_v3_00v5_21b083b0-20bc-46c2-bce5-3eb8308fbfcg
2026-02-21T23:00:04.132Z: ✓ File uploaded, file_key: file_v3_00v5_21b083b0-20bc-46c2-bce5-3eb8308fbfcg
2026-02-21T23:00:04.133Z: Sending message to chat: oc_eb619c8fea8c56afb88b44bf92abaca1
2026-02-21T23:00:04.133Z: Sending message to chat: oc_eb619c8fea8c56afb88b44bf92abaca1
2026-02-21T23:00:05.046Z: ✓ Message sent successfully
2026-02-21T23:00:05.046Z: ✓ Message sent successfully
2026-02-21T23:00:05.046Z: === Delivery complete ===
2026-02-21T23:00:05.046Z: === Delivery complete ===
Sat Feb 21 23:00:05 UTC 2026: Review generated and sent
Sun Feb 22 23:00:01 UTC 2026: Starting vocabulary review
==================================================
📚 Vocabulary Review Generator
==================================================
[INFO] Selected 20 items for review
[INFO] Active vocabulary: 397
[INFO] Generated: /root/openclaw-workspaces/workspace-english-tutor/projects/vocabulary/output/daily_review.docx
[INFO] Updated review status for 20 items
==================================================
✅ Daily review document generated!
==================================================
2026-02-22T23:00:01.758Z: === Starting vocabulary review delivery ===
2026-02-22T23:00:01.758Z: === Starting vocabulary review delivery ===
2026-02-22T23:00:01.760Z: Getting tenant access token...
2026-02-22T23:00:01.760Z: Getting tenant access token...
2026-02-22T23:00:02.886Z: ✓ Got tenant access token
2026-02-22T23:00:02.886Z: ✓ Got tenant access token
2026-02-22T23:00:02.887Z: Uploading file: /root/openclaw-workspaces/workspace-english-tutor/projects/vocabulary/output/daily_review.docx
2026-02-22T23:00:02.887Z: Uploading file: /root/openclaw-workspaces/workspace-english-tutor/projects/vocabulary/output/daily_review.docx
2026-02-22T23:00:03.956Z: ✓ File uploaded, file_key: file_v3_00v6_d4cfbdc2-ecf9-4f67-9962-9557ea39cc1g
2026-02-22T23:00:03.956Z: ✓ File uploaded, file_key: file_v3_00v6_d4cfbdc2-ecf9-4f67-9962-9557ea39cc1g
2026-02-22T23:00:03.957Z: Sending message to chat: oc_eb619c8fea8c56afb88b44bf92abaca1
2026-02-22T23:00:03.957Z: Sending message to chat: oc_eb619c8fea8c56afb88b44bf92abaca1
2026-02-22T23:00:05.090Z: ✓ Message sent successfully
2026-02-22T23:00:05.090Z: ✓ Message sent successfully
2026-02-22T23:00:05.090Z: === Delivery complete ===
2026-02-22T23:00:05.090Z: === Delivery complete ===
Sun Feb 22 23:00:05 UTC 2026: Review generated and sent
Mon Feb 23 23:00:01 UTC 2026: Starting vocabulary review
==================================================
📚 Vocabulary Review Generator
==================================================
[INFO] Selected 20 items for review
[INFO] Active vocabulary: 397
[INFO] Generated: /root/openclaw-workspaces/workspace-english-tutor/projects/vocabulary/output/daily_review.docx
[INFO] Updated review status for 20 items
==================================================
✅ Daily review document generated!
==================================================
2026-02-23T23:00:01.726Z: === Starting vocabulary review delivery ===
2026-02-23T23:00:01.726Z: === Starting vocabulary review delivery ===
2026-02-23T23:00:01.728Z: Getting tenant access token...
2026-02-23T23:00:01.728Z: Getting tenant access token...
2026-02-23T23:00:02.814Z: ✓ Got tenant access token
2026-02-23T23:00:02.814Z: ✓ Got tenant access token
2026-02-23T23:00:02.815Z: Uploading file: /root/openclaw-workspaces/workspace-english-tutor/projects/vocabulary/output/daily_review.docx
2026-02-23T23:00:02.815Z: Uploading file: /root/openclaw-workspaces/workspace-english-tutor/projects/vocabulary/output/daily_review.docx
2026-02-23T23:00:03.700Z: ✓ File uploaded, file_key: file_v3_00v7_643234a6-d49f-451d-a7b0-016ad5f6827g
2026-02-23T23:00:03.700Z: ✓ File uploaded, file_key: file_v3_00v7_643234a6-d49f-451d-a7b0-016ad5f6827g
2026-02-23T23:00:03.701Z: Sending message to chat: oc_eb619c8fea8c56afb88b44bf92abaca1
2026-02-23T23:00:03.701Z: Sending message to chat: oc_eb619c8fea8c56afb88b44bf92abaca1
2026-02-23T23:00:04.649Z: ✓ Message sent successfully
2026-02-23T23:00:04.649Z: ✓ Message sent successfully
2026-02-23T23:00:04.649Z: === Delivery complete ===
2026-02-23T23:00:04.649Z: === Delivery complete ===
Mon Feb 23 23:00:04 UTC 2026: Review generated and sent
Tue Feb 24 23:00:01 UTC 2026: Starting vocabulary review
==================================================
📚 Vocabulary Review Generator
==================================================
[INFO] Selected 20 items for review
[INFO] Active vocabulary: 400
[INFO] Generated: /root/openclaw-workspaces/workspace-english-tutor/projects/vocabulary/output/daily_review.docx
[INFO] Updated review status for 20 items
==================================================
✅ Daily review document generated!
==================================================
2026-02-24T23:00:02.298Z: === Starting vocabulary review delivery ===
2026-02-24T23:00:02.298Z: === Starting vocabulary review delivery ===
2026-02-24T23:00:02.299Z: Getting tenant access token...
2026-02-24T23:00:02.299Z: Getting tenant access token...
2026-02-24T23:00:03.135Z: ✓ Got tenant access token
2026-02-24T23:00:03.135Z: ✓ Got tenant access token
2026-02-24T23:00:03.136Z: Uploading file: /root/openclaw-workspaces/workspace-english-tutor/projects/vocabulary/output/daily_review.docx
2026-02-24T23:00:03.136Z: Uploading file: /root/openclaw-workspaces/workspace-english-tutor/projects/vocabulary/output/daily_review.docx
2026-02-24T23:00:03.982Z: ✓ File uploaded, file_key: file_v3_00v8_f5cf34ec-46b5-438b-b09b-712f5349b7dg
2026-02-24T23:00:03.982Z: ✓ File uploaded, file_key: file_v3_00v8_f5cf34ec-46b5-438b-b09b-712f5349b7dg
2026-02-24T23:00:03.982Z: Sending message to chat: oc_eb619c8fea8c56afb88b44bf92abaca1
2026-02-24T23:00:03.982Z: Sending message to chat: oc_eb619c8fea8c56afb88b44bf92abaca1
2026-02-24T23:00:04.893Z: ✓ Message sent successfully
2026-02-24T23:00:04.893Z: ✓ Message sent successfully
2026-02-24T23:00:04.893Z: === Delivery complete ===
2026-02-24T23:00:04.893Z: === Delivery complete ===
Tue Feb 24 23:00:04 UTC 2026: Review generated and sent
Wed Feb 25 23:00:01 UTC 2026: Starting vocabulary review
==================================================
📚 Vocabulary Review Generator
==================================================
[INFO] Selected 20 items for review
[INFO] Active vocabulary: 403
[INFO] Generated: /root/openclaw-workspaces/workspace-english-tutor/projects/vocabulary/output/daily_review.docx
[INFO] Updated review status for 20 items
==================================================
✅ Daily review document generated!
==================================================
2026-02-25T23:00:02.352Z: === Starting vocabulary review delivery ===
2026-02-25T23:00:02.352Z: === Starting vocabulary review delivery ===
2026-02-25T23:00:02.353Z: Getting tenant access token...
2026-02-25T23:00:02.353Z: Getting tenant access token...
2026-02-25T23:00:03.464Z: ✓ Got tenant access token
2026-02-25T23:00:03.464Z: ✓ Got tenant access token
2026-02-25T23:00:03.465Z: Uploading file: /root/openclaw-workspaces/workspace-english-tutor/projects/vocabulary/output/daily_review.docx
2026-02-25T23:00:03.465Z: Uploading file: /root/openclaw-workspaces/workspace-english-tutor/projects/vocabulary/output/daily_review.docx
2026-02-25T23:00:04.363Z: ✓ File uploaded, file_key: file_v3_00v9_c9a560f9-2128-4734-aec6-c8586346bb5g
2026-02-25T23:00:04.363Z: ✓ File uploaded, file_key: file_v3_00v9_c9a560f9-2128-4734-aec6-c8586346bb5g
2026-02-25T23:00:04.363Z: Sending message to chat: oc_eb619c8fea8c56afb88b44bf92abaca1
2026-02-25T23:00:04.363Z: Sending message to chat: oc_eb619c8fea8c56afb88b44bf92abaca1
2026-02-25T23:00:05.278Z: ✓ Message sent successfully
2026-02-25T23:00:05.278Z: ✓ Message sent successfully
2026-02-25T23:00:05.279Z: === Delivery complete ===
2026-02-25T23:00:05.279Z: === Delivery complete ===
Wed Feb 25 23:00:05 UTC 2026: Review generated and sent
Thu Feb 26 23:00:01 UTC 2026: Starting vocabulary review
==================================================
📚 Vocabulary Review Generator
==================================================
[INFO] Selected 20 items for review
[INFO] Active vocabulary: 405
[INFO] Generated: /root/openclaw-workspaces/workspace-english-tutor/projects/vocabulary/output/daily_review.docx
[INFO] Updated review status for 20 items
==================================================
✅ Daily review document generated!
==================================================
2026-02-26T23:00:01.635Z: === Starting vocabulary review delivery ===
2026-02-26T23:00:01.635Z: === Starting vocabulary review delivery ===
2026-02-26T23:00:01.636Z: Getting tenant access token...
2026-02-26T23:00:01.636Z: Getting tenant access token...
2026-02-26T23:00:02.962Z: ✓ Got tenant access token
2026-02-26T23:00:02.962Z: ✓ Got tenant access token
2026-02-26T23:00:02.962Z: Uploading file: /root/openclaw-workspaces/workspace-english-tutor/projects/vocabulary/output/daily_review.docx
2026-02-26T23:00:02.962Z: Uploading file: /root/openclaw-workspaces/workspace-english-tutor/projects/vocabulary/output/daily_review.docx
2026-02-26T23:00:03.786Z: ✓ File uploaded, file_key: file_v3_00va_1d1a2f7b-e572-47f7-ae8f-ca0b6861b30g
2026-02-26T23:00:03.786Z: ✓ File uploaded, file_key: file_v3_00va_1d1a2f7b-e572-47f7-ae8f-ca0b6861b30g
2026-02-26T23:00:03.786Z: Sending message to chat: oc_eb619c8fea8c56afb88b44bf92abaca1
2026-02-26T23:00:03.786Z: Sending message to chat: oc_eb619c8fea8c56afb88b44bf92abaca1
2026-02-26T23:00:04.677Z: ✓ Message sent successfully
2026-02-26T23:00:04.677Z: ✓ Message sent successfully
2026-02-26T23:00:04.677Z: === Delivery complete ===
2026-02-26T23:00:04.677Z: === Delivery complete ===
Thu Feb 26 23:00:04 UTC 2026: Review generated and sent
Fri Feb 27 23:00:01 UTC 2026: Starting vocabulary review
==================================================
📚 Vocabulary Review Generator
==================================================
[INFO] Selected 20 items for review
[INFO] Active vocabulary: 410
[INFO] Generated: /root/openclaw-workspaces/workspace-english-tutor/projects/vocabulary/output/daily_review.docx
[INFO] Updated review status for 20 items
==================================================
✅ Daily review document generated!
==================================================
2026-02-27T23:00:02.125Z: === Starting vocabulary review delivery ===
2026-02-27T23:00:02.125Z: === Starting vocabulary review delivery ===
2026-02-27T23:00:02.126Z: Getting tenant access token...
2026-02-27T23:00:02.126Z: Getting tenant access token...
2026-02-27T23:00:03.295Z: ✓ Got tenant access token
2026-02-27T23:00:03.295Z: ✓ Got tenant access token
2026-02-27T23:00:03.295Z: Uploading file: /root/openclaw-workspaces/workspace-english-tutor/projects/vocabulary/output/daily_review.docx
2026-02-27T23:00:03.295Z: Uploading file: /root/openclaw-workspaces/workspace-english-tutor/projects/vocabulary/output/daily_review.docx
2026-02-27T23:00:04.419Z: ✓ File uploaded, file_key: file_v3_00vb_28c2006a-3160-4d38-bf81-a2e5a64a6d2g
2026-02-27T23:00:04.419Z: ✓ File uploaded, file_key: file_v3_00vb_28c2006a-3160-4d38-bf81-a2e5a64a6d2g
2026-02-27T23:00:04.420Z: Sending message to chat: oc_eb619c8fea8c56afb88b44bf92abaca1
2026-02-27T23:00:04.420Z: Sending message to chat: oc_eb619c8fea8c56afb88b44bf92abaca1
2026-02-27T23:00:05.460Z: ✓ Message sent successfully
2026-02-27T23:00:05.460Z: ✓ Message sent successfully
2026-02-27T23:00:05.460Z: === Delivery complete ===
2026-02-27T23:00:05.460Z: === Delivery complete ===
Fri Feb 27 23:00:05 UTC 2026: Review generated and sent
Sat Feb 28 23:00:01 UTC 2026: Starting vocabulary review
==================================================
📚 Vocabulary Review Generator
==================================================
[INFO] Selected 20 items for review
[INFO] Active vocabulary: 414
[INFO] Generated: /root/openclaw-workspaces/workspace-english-tutor/projects/vocabulary/output/daily_review.docx
[INFO] Updated review status for 20 items
==================================================
✅ Daily review document generated!
==================================================
2026-02-28T23:00:01.868Z: === Starting vocabulary review delivery ===
2026-02-28T23:00:01.868Z: === Starting vocabulary review delivery ===
2026-02-28T23:00:01.869Z: Getting tenant access token...
2026-02-28T23:00:01.869Z: Getting tenant access token...
2026-02-28T23:00:02.987Z: ✓ Got tenant access token
2026-02-28T23:00:02.987Z: ✓ Got tenant access token
2026-02-28T23:00:02.988Z: Uploading file: /root/openclaw-workspaces/workspace-english-tutor/projects/vocabulary/output/daily_review.docx
2026-02-28T23:00:02.988Z: Uploading file: /root/openclaw-workspaces/workspace-english-tutor/projects/vocabulary/output/daily_review.docx
2026-02-28T23:00:03.854Z: ✓ File uploaded, file_key: file_v3_00vc_c1b6d439-c9e1-4e9d-a208-b985b5fc0beg
2026-02-28T23:00:03.854Z: ✓ File uploaded, file_key: file_v3_00vc_c1b6d439-c9e1-4e9d-a208-b985b5fc0beg
2026-02-28T23:00:03.855Z: Sending message to chat: oc_eb619c8fea8c56afb88b44bf92abaca1
2026-02-28T23:00:03.855Z: Sending message to chat: oc_eb619c8fea8c56afb88b44bf92abaca1
2026-02-28T23:00:04.811Z: ✓ Message sent successfully
2026-02-28T23:00:04.811Z: ✓ Message sent successfully
2026-02-28T23:00:04.812Z: === Delivery complete ===
2026-02-28T23:00:04.812Z: === Delivery complete ===
Sat Feb 28 23:00:04 UTC 2026: Review generated and sent
Sun Mar  1 23:00:01 UTC 2026: Starting vocabulary review
==================================================
📚 Vocabulary Review Generator
==================================================
[INFO] Selected 20 items for review
[INFO] Active vocabulary: 414
[INFO] Generated: /root/openclaw-workspaces/workspace-english-tutor/projects/vocabulary/output/daily_review.docx
[INFO] Updated review status for 20 items
==================================================
✅ Daily review document generated!
==================================================
2026-03-01T23:00:02.179Z: === Starting vocabulary review delivery ===
2026-03-01T23:00:02.179Z: === Starting vocabulary review delivery ===
2026-03-01T23:00:02.180Z: Getting tenant access token...
2026-03-01T23:00:02.180Z: Getting tenant access token...
2026-03-01T23:00:03.377Z: ✓ Got tenant access token
2026-03-01T23:00:03.377Z: ✓ Got tenant access token
2026-03-01T23:00:03.378Z: Uploading file: /root/openclaw-workspaces/workspace-english-tutor/projects/vocabulary/output/daily_review.docx
2026-03-01T23:00:03.378Z: Uploading file: /root/openclaw-workspaces/workspace-english-tutor/projects/vocabulary/output/daily_review.docx
2026-03-01T23:00:04.617Z: ✓ File uploaded, file_key: file_v3_00vd_6c3f9549-164e-4875-b56f-0a4ed44df8bg
2026-03-01T23:00:04.617Z: ✓ File uploaded, file_key: file_v3_00vd_6c3f9549-164e-4875-b56f-0a4ed44df8bg
2026-03-01T23:00:04.618Z: Sending message to chat: oc_eb619c8fea8c56afb88b44bf92abaca1
2026-03-01T23:00:04.618Z: Sending message to chat: oc_eb619c8fea8c56afb88b44bf92abaca1
2026-03-01T23:00:05.703Z: ✓ Message sent successfully
2026-03-01T23:00:05.703Z: ✓ Message sent successfully
2026-03-01T23:00:05.704Z: === Delivery complete ===
2026-03-01T23:00:05.704Z: === Delivery complete ===
Sun Mar  1 23:00:05 UTC 2026: Review generated and sent
Mon Mar  2 23:00:01 UTC 2026: Starting vocabulary review
==================================================
📚 Vocabulary Review Generator
==================================================
[INFO] Selected 20 items for review
[INFO] Active vocabulary: 414
[INFO] Generated: /root/openclaw-workspaces/workspace-english-tutor/projects/vocabulary/output/daily_review.docx
[INFO] Updated review status for 20 items
==================================================
✅ Daily review document generated!
==================================================
2026-03-02T23:00:02.196Z: === Starting vocabulary review delivery ===
2026-03-02T23:00:02.196Z: === Starting vocabulary review delivery ===
2026-03-02T23:00:02.197Z: Getting tenant access token...
2026-03-02T23:00:02.197Z: Getting tenant access token...
2026-03-02T23:00:03.392Z: ✓ Got tenant access token
2026-03-02T23:00:03.392Z: ✓ Got tenant access token
2026-03-02T23:00:03.393Z: Uploading file: /root/openclaw-workspaces/workspace-english-tutor/projects/vocabulary/output/daily_review.docx
2026-03-02T23:00:03.393Z: Uploading file: /root/openclaw-workspaces/workspace-english-tutor/projects/vocabulary/output/daily_review.docx
2026-03-02T23:00:04.362Z: ✓ File uploaded, file_key: file_v3_00ve_2cdfccb0-4476-4993-a9ee-9896d49af07g
2026-03-02T23:00:04.362Z: ✓ File uploaded, file_key: file_v3_00ve_2cdfccb0-4476-4993-a9ee-9896d49af07g
2026-03-02T23:00:04.363Z: Sending message to chat: oc_eb619c8fea8c56afb88b44bf92abaca1
2026-03-02T23:00:04.363Z: Sending message to chat: oc_eb619c8fea8c56afb88b44bf92abaca1
2026-03-02T23:00:05.310Z: ✓ Message sent successfully
2026-03-02T23:00:05.310Z: ✓ Message sent successfully
2026-03-02T23:00:05.310Z: === Delivery complete ===
2026-03-02T23:00:05.310Z: === Delivery complete ===
Mon Mar  2 23:00:05 UTC 2026: Review generated and sent
Tue Mar  3 23:00:01 UTC 2026: Starting vocabulary review
==================================================
📚 Vocabulary Review Generator
==================================================
[INFO] Selected 20 items for review
[INFO] Active vocabulary: 414
[INFO] Generated: /root/openclaw-workspaces/workspace-english-tutor/projects/vocabulary/output/daily_review.docx
[INFO] Updated review status for 20 items
==================================================
✅ Daily review document generated!
==================================================
2026-03-03T23:00:01.757Z: === Starting vocabulary review delivery ===
2026-03-03T23:00:01.757Z: === Starting vocabulary review delivery ===
2026-03-03T23:00:01.759Z: Getting tenant access token...
2026-03-03T23:00:01.759Z: Getting tenant access token...
2026-03-03T23:00:02.861Z: ✓ Got tenant access token
2026-03-03T23:00:02.861Z: ✓ Got tenant access token
2026-03-03T23:00:02.861Z: Uploading file: /root/openclaw-workspaces/workspace-english-tutor/projects/vocabulary/output/daily_review.docx
2026-03-03T23:00:02.861Z: Uploading file: /root/openclaw-workspaces/workspace-english-tutor/projects/vocabulary/output/daily_review.docx
2026-03-03T23:00:03.892Z: ✓ File uploaded, file_key: file_v3_00vf_971b67d3-75ef-4c83-a20a-badfc640c74g
2026-03-03T23:00:03.892Z: ✓ File uploaded, file_key: file_v3_00vf_971b67d3-75ef-4c83-a20a-badfc640c74g
2026-03-03T23:00:03.893Z: Sending message to chat: oc_eb619c8fea8c56afb88b44bf92abaca1
2026-03-03T23:00:03.893Z: Sending message to chat: oc_eb619c8fea8c56afb88b44bf92abaca1
2026-03-03T23:00:04.985Z: ✓ Message sent successfully
2026-03-03T23:00:04.985Z: ✓ Message sent successfully
2026-03-03T23:00:04.985Z: === Delivery complete ===
2026-03-03T23:00:04.985Z: === Delivery complete ===
Tue Mar  3 23:00:04 UTC 2026: Review generated and sent
Wed Mar  4 23:00:01 UTC 2026: Starting vocabulary review
==================================================
📚 Vocabulary Review Generator
==================================================
[INFO] Selected 20 items for review
[INFO] Active vocabulary: 423
[INFO] Generated: /root/openclaw-workspaces/workspace-english-tutor/projects/vocabulary/output/daily_review.docx
[INFO] Updated review status for 20 items
==================================================
✅ Daily review document generated!
==================================================
2026-03-04T23:00:02.413Z: === Starting vocabulary review delivery ===
2026-03-04T23:00:02.413Z: === Starting vocabulary review delivery ===
2026-03-04T23:00:02.414Z: Getting tenant access token...
2026-03-04T23:00:02.414Z: Getting tenant access token...
2026-03-04T23:00:03.232Z: ✓ Got tenant access token
2026-03-04T23:00:03.232Z: ✓ Got tenant access token
2026-03-04T23:00:03.233Z: Uploading file: /root/openclaw-workspaces/workspace-english-tutor/projects/vocabulary/output/daily_review.docx
2026-03-04T23:00:03.233Z: Uploading file: /root/openclaw-workspaces/workspace-english-tutor/projects/vocabulary/output/daily_review.docx
2026-03-04T23:00:04.220Z: ✓ File uploaded, file_key: file_v3_00vg_f6a59713-c817-44f4-970e-9ad9db25395g
2026-03-04T23:00:04.220Z: ✓ File uploaded, file_key: file_v3_00vg_f6a59713-c817-44f4-970e-9ad9db25395g
2026-03-04T23:00:04.221Z: Sending message to chat: oc_eb619c8fea8c56afb88b44bf92abaca1
2026-03-04T23:00:04.221Z: Sending message to chat: oc_eb619c8fea8c56afb88b44bf92abaca1
2026-03-04T23:00:05.141Z: ✓ Message sent successfully
2026-03-04T23:00:05.141Z: ✓ Message sent successfully
2026-03-04T23:00:05.142Z: === Delivery complete ===
2026-03-04T23:00:05.142Z: === Delivery complete ===
Wed Mar  4 23:00:05 UTC 2026: Review generated and sent
Thu Mar  5 23:00:01 UTC 2026: Starting vocabulary review
==================================================
📚 Vocabulary Review Generator
==================================================
[INFO] Selected 20 items for review
[INFO] Active vocabulary: 425
[INFO] Generated: /root/openclaw-workspaces/workspace-english-tutor/projects/vocabulary/output/daily_review.docx
[INFO] Updated review status for 20 items
==================================================
✅ Daily review document generated!
==================================================
2026-03-05T23:00:01.412Z: === Starting vocabulary review delivery ===
2026-03-05T23:00:01.412Z: === Starting vocabulary review delivery ===
2026-03-05T23:00:01.413Z: Getting tenant access token...
2026-03-05T23:00:01.413Z: Getting tenant access token...
2026-03-05T23:00:02.508Z: ✓ Got tenant access token
2026-03-05T23:00:02.508Z: ✓ Got tenant access token
2026-03-05T23:00:02.508Z: Uploading file: /root/openclaw-workspaces/workspace-english-tutor/projects/vocabulary/output/daily_review.docx
2026-03-05T23:00:02.508Z: Uploading file: /root/openclaw-workspaces/workspace-english-tutor/projects/vocabulary/output/daily_review.docx
2026-03-05T23:00:03.430Z: ✓ File uploaded, file_key: file_v3_00vh_b9775fe0-685a-4727-ade2-f9418b67ddfg
2026-03-05T23:00:03.430Z: ✓ File uploaded, file_key: file_v3_00vh_b9775fe0-685a-4727-ade2-f9418b67ddfg
2026-03-05T23:00:03.431Z: Sending message to chat: oc_eb619c8fea8c56afb88b44bf92abaca1
2026-03-05T23:00:03.431Z: Sending message to chat: oc_eb619c8fea8c56afb88b44bf92abaca1
2026-03-05T23:00:04.395Z: ✓ Message sent successfully
2026-03-05T23:00:04.395Z: ✓ Message sent successfully
2026-03-05T23:00:04.396Z: === Delivery complete ===
2026-03-05T23:00:04.396Z: === Delivery complete ===
Thu Mar  5 23:00:04 UTC 2026: Review generated and sent
Fri Mar  6 23:00:01 UTC 2026: Starting vocabulary review
==================================================
📚 Vocabulary Review Generator
==================================================
[INFO] Selected 20 items for review
[INFO] Active vocabulary: 426
[INFO] Generated: /root/openclaw-workspaces/workspace-english-tutor/projects/vocabulary/output/daily_review.docx
[INFO] Updated review status for 20 items
==================================================
✅ Daily review document generated!
==================================================
2026-03-06T23:00:01.881Z: === Starting vocabulary review delivery ===
2026-03-06T23:00:01.881Z: === Starting vocabulary review delivery ===
2026-03-06T23:00:01.882Z: Getting tenant access token...
2026-03-06T23:00:01.882Z: Getting tenant access token...
2026-03-06T23:00:02.717Z: ✓ Got tenant access token
2026-03-06T23:00:02.717Z: ✓ Got tenant access token
2026-03-06T23:00:02.718Z: Uploading file: /root/openclaw-workspaces/workspace-english-tutor/projects/vocabulary/output/daily_review.docx
2026-03-06T23:00:02.718Z: Uploading file: /root/openclaw-workspaces/workspace-english-tutor/projects/vocabulary/output/daily_review.docx
2026-03-06T23:00:03.690Z: ✓ File uploaded, file_key: file_v3_00vi_43de5417-76aa-4979-ab33-2b665b304d3g
2026-03-06T23:00:03.690Z: ✓ File uploaded, file_key: file_v3_00vi_43de5417-76aa-4979-ab33-2b665b304d3g
2026-03-06T23:00:03.691Z: Sending message to chat: oc_eb619c8fea8c56afb88b44bf92abaca1
2026-03-06T23:00:03.691Z: Sending message to chat: oc_eb619c8fea8c56afb88b44bf92abaca1
2026-03-06T23:00:04.609Z: ✓ Message sent successfully
2026-03-06T23:00:04.609Z: ✓ Message sent successfully
2026-03-06T23:00:04.610Z: === Delivery complete ===
2026-03-06T23:00:04.610Z: === Delivery complete ===
Fri Mar  6 23:00:04 UTC 2026: Review generated and sent
